This is LuaHBTeX, Version 1.15.1 (MiKTeX 22.10) (format=lualatex 2022.10.27)  8 FEB 2023 17:01
 restricted system commands enabled.
 file:line:error style messages enabled.
**c:/Users/piero/git/SWE/PoC/src-doc/d_poc.tex
(c:/Users/piero/git/SWE/PoC/src-doc/d_poc.tex
LaTeX2e <2022-06-01> patch level 5
Lua module: luaotfload 2022-10-03 3.23 Lua based OpenType font support
Lua module: lualibs 2022-10-04 2.75 ConTeXt Lua standard libraries.
Lua module: lualibs-extended 2022-10-04 2.75 ConTeXt Lua libraries -- extended c
ollection.
luaotfload | conf : Root cache directory is "C:/Users/piero/AppData/Local/MiKTeX
/luatex-cache/generic/names".
luaotfload | init : Loading fontloader "fontloader-2022-10-03.lua" from kpse-res
olved path "D:/Program Files/MiKTeX/tex/luatex/luaotfload/fontloader-2022-10-03.
lua".
Lua-only attribute luaotfload@noligature = 1
luaotfload | init : Context OpenType loader version 3.120
Inserting `luaotfload.node_processor' at position 1 in `pre_linebreak_filter'.
Inserting `luaotfload.node_processor' at position 1 in `hpack_filter'.
Inserting `luaotfload.glyph_stream' at position 1 in `glyph_stream_provider'.
Inserting `luaotfload.define_font' at position 1 in `define_font'.
Lua-only attribute luaotfload_color_attribute = 2
luaotfload | conf : Root cache directory is "C:/Users/piero/AppData/Local/MiKTeX
/luatex-cache/generic/names".
Inserting `luaotfload.harf.strip_prefix' at position 1 in `find_opentype_file'.
Inserting `luaotfload.harf.strip_prefix' at position 1 in `find_truetype_file'.
Removing  `luaotfload.glyph_stream' from `glyph_stream_provider'.
Inserting `luaotfload.harf.glyphstream' at position 1 in `glyph_stream_provider'
.
Inserting `luaotfload.harf.finalize_vlist' at position 1 in `post_linebreak_filt
er'.
Inserting `luaotfload.harf.finalize_hlist' at position 2 in `hpack_filter'.
Inserting `luaotfload.cleanup_files' at position 1 in `wrapup_run'.
Inserting `luaotfload.harf.finalize_unicode' at position 1 in `finish_pdffile'.
Inserting `luaotfload.glyphinfo' at position 1 in `glyph_info'.
Lua-only attribute luaotfload.letterspace_done = 3
Inserting `luaotfload.aux.set_sscale_dimens' at position 1 in `luaotfload.patch_
font'.
Inserting `luaotfload.aux.set_font_index' at position 2 in `luaotfload.patch_fon
t'.
Inserting `luaotfload.aux.patch_cambria_domh' at position 3 in `luaotfload.patch
_font'.
Inserting `luaotfload.aux.fixup_fontdata' at position 1 in `luaotfload.patch_fon
t_unsafe'.
Inserting `luaotfload.aux.set_capheight' at position 4 in `luaotfload.patch_font
'.
Inserting `luaotfload.aux.set_xheight' at position 5 in `luaotfload.patch_font'.
Inserting `luaotfload.rewrite_fontname' at position 6 in `luaotfload.patch_font'
. L3 programming layer <2022-09-28>
Inserting `tracingstacklevels' at position 1 in `input_level_string'.
("D:/Program Files/MiKTeX/tex/latex/base/report.cls"
Document Class: report 2021/10/04 v1.4n Standard LaTeX document class
("D:/Program Files/MiKTeX/tex/latex/base/size10.clo"
File: size10.clo 2021/10/04 v1.4n Standard LaTeX file (size option)
luaotfload | db : Font names database loaded from C:/Users/piero/AppData/Local/M
iKTeX/luatex-cache/generic/names/luaotfload-names.luc.gz)
\c@part=\count183
\c@chapter=\count184
\c@section=\count185
\c@subsection=\count186
\c@subsubsection=\count187
\c@paragraph=\count188
\c@subparagraph=\count189
\c@figure=\count190
\c@table=\count191
\abovecaptionskip=\skip47
\belowcaptionskip=\skip48
\bibindent=\dimen137
) (./config.tex
("D:/Program Files/MiKTeX/tex/latex/base/inputenc.sty"
Package: inputenc 2021/02/14 v1.3d Input encoding file
\inpenc@prehook=\toks16
\inpenc@posthook=\toks17


Package inputenc Warning: inputenc package ignored with utf8 based engines.

) ("D:/Program Files/MiKTeX/tex/latex/base/fontenc.sty"
Package: fontenc 2021/04/29 v2.0v Standard LaTeX package
LaTeX Font Info:    Trying to load font information for T1+lmr on input line 11
2.

("D:/Program Files/MiKTeX/tex/latex/lm/t1lmr.fd"
File: t1lmr.fd 2015/05/01 v1.6.1 Font defs for Latin Modern
))
("D:/Program Files/MiKTeX/tex/latex/cormorantgaramond/CormorantGaramond.sty"
Package: CormorantGaramond 2022/09/16 (Bob Tennent and autoinst) Style file for
 Cormorant Garamond fonts.

("D:/Program Files/MiKTeX/tex/generic/iftex/ifxetex.sty"
Package: ifxetex 2019/10/25 v0.7 ifxetex legacy package. Use iftex instead.

("D:/Program Files/MiKTeX/tex/generic/iftex/iftex.sty"
Package: iftex 2022/02/03 v1.0f TeX engine tests
))
("D:/Program Files/MiKTeX/tex/generic/iftex/ifluatex.sty"
Package: ifluatex 2019/10/25 v1.5 ifluatex legacy package. Use iftex instead.
)
("D:/Program Files/MiKTeX/tex/latex/xkeyval/xkeyval.sty"
Package: xkeyval 2022/06/16 v2.9 package option processing (HA)

("D:/Program Files/MiKTeX/tex/generic/xkeyval/xkeyval.tex"
("D:/Program Files/MiKTeX/tex/generic/xkeyval/xkvutils.tex"
\XKV@toks=\toks18
\XKV@tempa@toks=\toks19

("D:/Program Files/MiKTeX/tex/generic/xkeyval/keyval.tex"))
\XKV@depth=\count192
File: xkeyval.tex 2014/12/03 v2.7a key=value parser (HA)
))
("D:/Program Files/MiKTeX/tex/latex/base/textcomp.sty"
Package: textcomp 2020/02/02 v2.0n Standard LaTeX package
)
("D:/Program Files/MiKTeX/tex/latex/fontspec/fontspec.sty"
("D:/Program Files/MiKTeX/tex/latex/l3packages/xparse/xparse.sty"
("D:/Program Files/MiKTeX/tex/latex/l3kernel/expl3.sty"
Package: expl3 2022-09-28 L3 programming layer (loader) 

("D:/Program Files/MiKTeX/tex/latex/l3backend/l3backend-luatex.def"
File: l3backend-luatex.def 2022-09-28 L3 backend support: PDF output (LuaTeX)
\l__color_backend_stack_int=\count193
\l__pdf_internal_box=\box51
))
Package: xparse 2022-06-22 L3 Experimental document command parser
)
Package: fontspec 2022/01/15 v2.8a Font selection for XeLaTeX and LuaLaTeX
Lua module: fontspec 2022/01/15 2.8a Font selection for XeLaTeX and LuaLaTeX
("D:/Program Files/MiKTeX/tex/latex/fontspec/fontspec-luatex.sty"
Package: fontspec-luatex 2022/01/15 v2.8a Font selection for XeLaTeX and LuaLaT
eX
\l__fontspec_script_int=\count194
\l__fontspec_language_int=\count195
\l__fontspec_strnum_int=\count196
\l__fontspec_tmp_int=\count197
\l__fontspec_tmpa_int=\count198
\l__fontspec_tmpb_int=\count199
\l__fontspec_tmpc_int=\count266
\l__fontspec_em_int=\count267
\l__fontspec_emdef_int=\count268
\l__fontspec_strong_int=\count269
\l__fontspec_strongdef_int=\count270
\l__fontspec_tmpa_dim=\dimen138
\l__fontspec_tmpb_dim=\dimen139
\l__fontspec_tmpc_dim=\dimen140

("D:/Program Files/MiKTeX/tex/latex/base/fontenc.sty"
Package: fontenc 2021/04/29 v2.0v Standard LaTeX package
)
("D:/Program Files/MiKTeX/tex/latex/fontspec/fontspec.cfg")))
luaotfload | aux : font no 22 (nil) does not define feature smcp for script latn
 with language dflt
luaotfload | aux : font no 23 (nil) does not define feature smcp for script latn
 with language dflt

Package fontspec Info: Font family 'CormorantGaramond(0)' created for font
(fontspec)             'CormorantGaramond' with options [Ligatures = TeX,Scale
(fontspec)             = 1,Extension = .ttf,Ligatures=TeX,Numbers =
(fontspec)             {,Lining},UprightFont = *-Regular,ItalicFont =
(fontspec)             *-Italic,BoldFont = *-Bold,BoldItalicFont =
(fontspec)             *-BoldItalic].
(fontspec)              
(fontspec)              This font family consists of the following NFSS
(fontspec)             series/shapes:
(fontspec)              
(fontspec)             - 'normal' (m/n) with NFSS spec.:
(fontspec)             <->s*[1]"[CormorantGaramond-Regular.ttf]:mode=node;scrip
t=latn;language=dflt;+tlig;+lnum;"
(fontspec)             - 'small caps'  (m/sc) with NFSS spec.:
(fontspec)             <->s*[1]"[CormorantGaramond-Regular.ttf]:mode=node;scrip
t=latn;language=dflt;+tlig;+lnum;+smcp;"
(fontspec)             - 'bold' (b/n) with NFSS spec.:
(fontspec)             <->s*[1]"[CormorantGaramond-Bold.ttf]:mode=node;script=l
atn;language=dflt;+tlig;+lnum;"
(fontspec)             - 'bold small caps'  (b/sc) with NFSS spec.:
(fontspec)             <->s*[1]"[CormorantGaramond-Bold.ttf]:mode=node;script=l
atn;language=dflt;+tlig;+lnum;+smcp;"
(fontspec)             - 'italic' (m/it) with NFSS spec.:
(fontspec)             <->s*[1]"[CormorantGaramond-Italic.ttf]:mode=node;script
=latn;language=dflt;+tlig;+lnum;"
(fontspec)             - 'italic small caps'  (m/scit) with NFSS spec.: 
(fontspec)             - 'bold italic' (b/it) with NFSS spec.:
(fontspec)             <->s*[1]"[CormorantGaramond-BoldItalic.ttf]:mode=node;sc
ript=latn;language=dflt;+tlig;+lnum;"
(fontspec)             - 'bold italic small caps'  (b/scit) with NFSS spec.: 

LaTeX Font Info:    Font shape `TU/CormorantGaramond(0)/m/n' will be
(Font)              scaled to size 10.0pt on input line 102.
LaTeX Info: Redefining \oldstylenums on input line 104.
LaTeX Info: Redefining \liningnums on input line 105.
)
("D:/Program Files/MiKTeX/tex/latex/geometry/geometry.sty"
Package: geometry 2020/01/02 v5.9 Page Geometry

("D:/Program Files/MiKTeX/tex/generic/iftex/ifvtex.sty"
Package: ifvtex 2019/10/25 v1.7 ifvtex legacy package. Use iftex instead.
)
\Gm@cnth=\count271
\Gm@cntv=\count272
\c@Gm@tempcnt=\count273
\Gm@bindingoffset=\dimen141
\Gm@wd@mp=\dimen142
\Gm@odd@mp=\dimen143
\Gm@even@mp=\dimen144
\Gm@layoutwidth=\dimen145
\Gm@layoutheight=\dimen146
\Gm@layouthoffset=\dimen147
\Gm@layoutvoffset=\dimen148
\Gm@dimlist=\toks20

("D:/Program Files/MiKTeX/tex/latex/geometry/geometry.cfg"))
("D:/Program Files/MiKTeX/tex/latex/xcolor/xcolor.sty"
Package: xcolor 2022/06/12 v2.14 LaTeX color extensions (UK)

("D:/Program Files/MiKTeX/tex/latex/graphics-cfg/color.cfg"
File: color.cfg 2016/01/02 v1.6 sample color configuration
)
Package xcolor Info: Driver file: luatex.def on input line 227.

("D:/Program Files/MiKTeX/tex/latex/graphics-def/luatex.def"
File: luatex.def 2022/09/22 v1.2d Graphics/color driver for luatex
)
("D:/Program Files/MiKTeX/tex/latex/colortbl/colortbl.sty"
Package: colortbl 2022/06/20 v1.0f Color table columns (DPC)

("D:/Program Files/MiKTeX/tex/latex/tools/array.sty"
Package: array 2022/03/10 v2.5f Tabular extension package (FMi)
\col@sep=\dimen149
\ar@mcellbox=\box52
\extrarowheight=\dimen150
\NC@list=\toks21
\extratabsurround=\skip49
\backup@length=\skip50
\ar@cellbox=\box53
)
\everycr=\toks22
\minrowclearance=\skip51
\rownum=\count274
)
("D:/Program Files/MiKTeX/tex/latex/graphics/mathcolor.ltx")
Package xcolor Info: Model `cmy' substituted by `cmy0' on input line 1353.
Package xcolor Info: Model `hsb' substituted by `rgb' on input line 1357.
Package xcolor Info: Model `RGB' extended on input line 1369.
Package xcolor Info: Model `HTML' substituted by `rgb' on input line 1371.
Package xcolor Info: Model `Hsb' substituted by `hsb' on input line 1372.
Package xcolor Info: Model `tHsb' substituted by `hsb' on input line 1373.
Package xcolor Info: Model `HSB' substituted by `hsb' on input line 1374.
Package xcolor Info: Model `Gray' substituted by `gray' on input line 1375.
Package xcolor Info: Model `wave' substituted by `hsb' on input line 1376.
)
("D:/Program Files/MiKTeX/tex/latex/tools/tabularx.sty"
Package: tabularx 2020/01/15 v2.11c `tabularx' package (DPC)
\TX@col@width=\dimen151
\TX@old@table=\dimen152
\TX@old@col=\dimen153
\TX@target=\dimen154
\TX@delta=\dimen155
\TX@cols=\count275
\TX@ftn=\toks23
)
("D:/Program Files/MiKTeX/tex/latex/graphics/graphicx.sty"
Package: graphicx 2021/09/16 v1.2d Enhanced LaTeX Graphics (DPC,SPQR)

("D:/Program Files/MiKTeX/tex/latex/graphics/graphics.sty"
Package: graphics 2022/03/10 v1.4e Standard LaTeX Graphics (DPC,SPQR)

("D:/Program Files/MiKTeX/tex/latex/graphics/trig.sty"
Package: trig 2021/08/11 v1.11 sin cos tan (DPC)
)
("D:/Program Files/MiKTeX/tex/latex/graphics-cfg/graphics.cfg"
File: graphics.cfg 2016/06/04 v1.11 sample graphics configuration
)
Package graphics Info: Driver file: luatex.def on input line 107.
)
\Gin@req@height=\dimen156
\Gin@req@width=\dimen157
)
("D:/Program Files/MiKTeX/tex/latex/mathtools/mathtools.sty"
Package: mathtools 2022/06/29 v1.29 mathematical typesetting tools

("D:/Program Files/MiKTeX/tex/latex/tools/calc.sty"
Package: calc 2017/05/25 v4.3 Infix arithmetic (KKT,FJ)
\calc@Acount=\count276
\calc@Bcount=\count277
\calc@Adimen=\dimen158
\calc@Bdimen=\dimen159
\calc@Askip=\skip52
\calc@Bskip=\skip53
LaTeX Info: Redefining \setlength on input line 80.
LaTeX Info: Redefining \addtolength on input line 81.
\calc@Ccount=\count278
\calc@Cskip=\skip54
)
("D:/Program Files/MiKTeX/tex/latex/mathtools/mhsetup.sty"
Package: mhsetup 2021/03/18 v1.4 programming setup (MH)
)
("D:/Program Files/MiKTeX/tex/latex/amsmath/amsmath.sty"
Package: amsmath 2022/04/08 v2.17n AMS math features
\@mathmargin=\skip55

For additional information on amsmath, use the `?' option.
("D:/Program Files/MiKTeX/tex/latex/amsmath/amstext.sty"
Package: amstext 2021/08/26 v2.01 AMS text

("D:/Program Files/MiKTeX/tex/latex/amsmath/amsgen.sty"
File: amsgen.sty 1999/11/30 v2.0 generic functions
\@emptytoks=\toks24
\ex@=\dimen160
))
("D:/Program Files/MiKTeX/tex/latex/amsmath/amsbsy.sty"
Package: amsbsy 1999/11/29 v1.2d Bold Symbols
\pmbraise@=\dimen161
)
("D:/Program Files/MiKTeX/tex/latex/amsmath/amsopn.sty"
Package: amsopn 2022/04/08 v2.04 operator names
)
\inf@bad=\count279
LaTeX Info: Redefining \frac on input line 236.
\uproot@=\count280
\leftroot@=\count281
LaTeX Info: Redefining \overline on input line 399.
LaTeX Info: Redefining \colon on input line 410.
\classnum@=\count282
\DOTSCASE@=\count283
LaTeX Info: Redefining \ldots on input line 496.
LaTeX Info: Redefining \dots on input line 499.
LaTeX Info: Redefining \cdots on input line 620.
\Mathstrutbox@=\box54
\strutbox@=\box55
LaTeX Info: Redefining \big on input line 722.
LaTeX Info: Redefining \Big on input line 723.
LaTeX Info: Redefining \bigg on input line 724.
LaTeX Info: Redefining \Bigg on input line 725.
\big@size=\dimen162
LaTeX Font Info:    Redeclaring font encoding OML on input line 743.
LaTeX Font Info:    Redeclaring font encoding OMS on input line 744.
\macc@depth=\count284
LaTeX Info: Redefining \bmod on input line 905.
LaTeX Info: Redefining \pmod on input line 910.
LaTeX Info: Redefining \smash on input line 940.
LaTeX Info: Redefining \relbar on input line 970.
LaTeX Info: Redefining \Relbar on input line 971.
\c@MaxMatrixCols=\count285
\dotsspace@=\muskip16
\c@parentequation=\count286
\dspbrk@lvl=\count287
\tag@help=\toks25
\row@=\count288
\column@=\count289
\maxfields@=\count290
\andhelp@=\toks26
\eqnshift@=\dimen163
\alignsep@=\dimen164
\tagshift@=\dimen165
\tagwidth@=\dimen166
\totwidth@=\dimen167
\lineht@=\dimen168
\@envbody=\toks27
\multlinegap=\skip56
\multlinetaggap=\skip57
\mathdisplay@stack=\toks28
LaTeX Info: Redefining \[ on input line 2953.
LaTeX Info: Redefining \] on input line 2954.
)
\g_MT_multlinerow_int=\count291
\l_MT_multwidth_dim=\dimen169
\origjot=\skip58
\l_MT_shortvdotswithinadjustabove_dim=\dimen170
\l_MT_shortvdotswithinadjustbelow_dim=\dimen171
\l_MT_above_intertext_sep=\dimen172
\l_MT_below_intertext_sep=\dimen173
\l_MT_above_shortintertext_sep=\dimen174
\l_MT_below_shortintertext_sep=\dimen175
\xmathstrut@box=\box56
\xmathstrut@dim=\dimen176
)
("D:/Program Files/MiKTeX/tex/latex/footmisc/footmisc.sty"
Package: footmisc 2022/03/08 v6.0d a miscellany of footnote facilities
\FN@temptoken=\toks29
\footnotemargin=\dimen177
\@outputbox@depth=\dimen178
Package footmisc Info: Declaring symbol style bringhurst on input line 695.
Package footmisc Info: Declaring symbol style chicago on input line 703.
Package footmisc Info: Declaring symbol style wiley on input line 712.
Package footmisc Info: Declaring symbol style lamport-robust on input line 723.

Package footmisc Info: Declaring symbol style lamport* on input line 743.
Package footmisc Info: Declaring symbol style lamport*-robust on input line 764
.
)
("D:/Program Files/MiKTeX/tex/generic/babel/babel.sty"
Package: babel 2022/10/04 3.81 The Babel package

("D:/Program Files/MiKTeX/tex/generic/babel/luababel.def"
\bbl@readstream=\read2
\l@afrikaans=\language2
Package babel Info: Non-standard hyphenation setup on input line 118.
\l@ancientgreek=\language3
\l@armenian=\language4
\l@assamese=\language5
\l@basque=\language6
\l@belarusian=\language7
\l@bengali=\language8
\l@bokmal=\language9
\l@bulgarian=\language10
\l@catalan=\language11
\l@churchslavonic=\language12
\l@classiclatin=\language13
\l@coptic=\language14
\l@croatian=\language15
\l@czech=\language16
\l@danish=\language17
\l@dutch=\language18
\l@esperanto=\language19
\l@estonian=\language20
\l@ethiopic=\language21
\l@finnish=\language22
\l@french=\language23
\l@friulan=\language24
\l@galician=\language25
\l@georgian=\language26
\l@german=\language27
\l@greek=\language28
\l@gujarati=\language29
\l@hindi=\language30
\l@hungarian=\language31
\l@icelandic=\language32
\l@indonesian=\language33
\l@interlingua=\language34
\l@irish=\language35
\l@italian=\language36
\l@kannada=\language37
\l@kurmanji=\language38
\l@latin=\language39
\l@latvian=\language40
\l@lithuanian=\language41
\l@liturgicallatin=\language42
\l@macedonian=\language43
\l@malayalam=\language44
\l@marathi=\language45
\l@mongolian=\language46
\l@mongolianlmc=\language47
\l@monogreek=\language48
\l@ngerman=\language49
\l@nynorsk=\language50
\l@occitan=\language51
\l@oriya=\language52
\l@pali=\language53
\l@panjabi=\language54
\l@piedmontese=\language55
\l@polish=\language56
\l@portuguese=\language57
\l@romanian=\language58
\l@romansh=\language59
\l@russian=\language60
\l@sanskrit=\language61
\l@serbian=\language62
\l@serbianc=\language63
\l@slovak=\language64
\l@slovenian=\language65
\l@spanish=\language66
\l@swedish=\language67
\l@swissgerman=\language68
\l@tamil=\language69
\l@telugu=\language70
\l@thai=\language71
\l@turkish=\language72
\l@turkmen=\language73
\l@ukenglish=\language74
\l@ukrainian=\language75
\l@uppersorbian=\language76
\l@usenglishmax=\language77
\l@welsh=\language78
\babelcatcodetablenum=\catcodetable12
\bbl@pattcodes=\catcodetable13
)
\babel@savecnt=\count292
\U@D=\dimen179
\l@unhyphenated=\language79

("D:/Program Files/MiKTeX/tex/generic/babel/luababel.def"
\bbl@attr@locale=\attribute4
)
*************************************
* Local config file bblopts.cfg used
*
("D:/Program Files/MiKTeX/tex/latex/arabi/bblopts.cfg"
File: bblopts.cfg 2005/09/08 v0.1 add Arabic and Farsi to "declared" options of
 babel
)
("D:/Program Files/MiKTeX/tex/latex/babel-italian/italian.ldf"
Language: italian 2022/03/27 v.1.4.07 Italian support for the babel system
\it@lettering=\count293
\it@doublequoteactive=\count294
\it@ISOcompliance=\count295

("D:/Program Files/MiKTeX/tex/generic/hyph-utf8/loadhyph/loadhyph-it.tex"
UTF-8 Italian hyphenation patterns
("D:/Program Files/MiKTeX/tex/generic/hyph-utf8/patterns/tex/hyph-it.tex")
("D:/Program Files/MiKTeX/tex/generic/hyph-utf8/patterns/quote/hyph-quote-it.te
x")))) ("D:/Program Files/MiKTeX/tex/generic/babel/locale/it/babel-italian.tex"
Package babel Info: Importing font and identification data for italian
(babel)             from babel-it.ini. Reported on input line 11.
) ("D:/Program Files/MiKTeX/tex/latex/etoolbox/etoolbox.sty"
Package: etoolbox 2020/10/05 v2.5k e-TeX tools for LaTeX (JAW)
\etb@tempcnta=\count296
)
("D:/Program Files/MiKTeX/tex/latex/hyperref/hyperref.sty"
Package: hyperref 2022-09-22 v7.00t Hypertext links for LaTeX

("D:/Program Files/MiKTeX/tex/generic/ltxcmds/ltxcmds.sty"
Package: ltxcmds 2020-05-10 v1.25 LaTeX kernel commands for general use (HO)
)
("D:/Program Files/MiKTeX/tex/generic/pdftexcmds/pdftexcmds.sty"
Package: pdftexcmds 2020-06-27 v0.33 Utility functions of pdfTeX for LuaTeX (HO
)

("D:/Program Files/MiKTeX/tex/generic/infwarerr/infwarerr.sty"
Package: infwarerr 2019/12/03 v1.5 Providing info/warning/error messages (HO)
)
Package pdftexcmds Info: \pdf@primitive is available.
Package pdftexcmds Info: \pdf@ifprimitive is available.
Package pdftexcmds Info: \pdfdraftmode found.
\pdftexcmds@toks=\toks30
)
("D:/Program Files/MiKTeX/tex/latex/kvsetkeys/kvsetkeys.sty"
Package: kvsetkeys 2022-10-05 v1.19 Key value parser (HO)
)
("D:/Program Files/MiKTeX/tex/generic/kvdefinekeys/kvdefinekeys.sty"
Package: kvdefinekeys 2019-12-19 v1.6 Define keys (HO)
)
("D:/Program Files/MiKTeX/tex/generic/pdfescape/pdfescape.sty"
Package: pdfescape 2019/12/09 v1.15 Implements pdfTeX's escape features (HO)
)
("D:/Program Files/MiKTeX/tex/latex/hycolor/hycolor.sty"
Package: hycolor 2020-01-27 v1.10 Color options for hyperref/bookmark (HO)
)
("D:/Program Files/MiKTeX/tex/latex/letltxmacro/letltxmacro.sty"
Package: letltxmacro 2019/12/03 v1.6 Let assignment for LaTeX macros (HO)
)
("D:/Program Files/MiKTeX/tex/latex/auxhook/auxhook.sty"
Package: auxhook 2019-12-17 v1.6 Hooks for auxiliary files (HO)
)
("D:/Program Files/MiKTeX/tex/latex/hyperref/nameref.sty"
Package: nameref 2022-05-17 v2.50 Cross-referencing by name of section

("D:/Program Files/MiKTeX/tex/latex/refcount/refcount.sty"
Package: refcount 2019/12/15 v3.6 Data extraction from label references (HO)
)
("D:/Program Files/MiKTeX/tex/generic/gettitlestring/gettitlestring.sty"
Package: gettitlestring 2019/12/15 v1.6 Cleanup title references (HO)

("D:/Program Files/MiKTeX/tex/latex/kvoptions/kvoptions.sty"
Package: kvoptions 2022-06-15 v3.15 Key value format for package options (HO)
))
\c@section@level=\count297
)
\@linkdim=\dimen180
\Hy@linkcounter=\count298
\Hy@pagecounter=\count299

("D:/Program Files/MiKTeX/tex/latex/hyperref/pd1enc.def"
File: pd1enc.def 2022-09-22 v7.00t Hyperref: PDFDocEncoding definition (HO)
)
("D:/Program Files/MiKTeX/tex/generic/intcalc/intcalc.sty"
Package: intcalc 2019/12/15 v1.3 Expandable calculations with integers (HO)
)
("D:/Program Files/MiKTeX/tex/generic/etexcmds/etexcmds.sty"
Package: etexcmds 2019/12/15 v1.7 Avoid name clashes with e-TeX commands (HO)
)
\Hy@SavedSpaceFactor=\count300

("D:/Program Files/MiKTeX/tex/latex/hyperref/puenc.def"
File: puenc.def 2022-09-22 v7.00t Hyperref: PDF Unicode definition (HO)
)
Package hyperref Info: Hyper figures OFF on input line 4162.
Package hyperref Info: Link nesting OFF on input line 4167.
Package hyperref Info: Hyper index ON on input line 4170.
Package hyperref Info: Plain pages OFF on input line 4177.
Package hyperref Info: Backreferencing OFF on input line 4182.
Package hyperref Info: Implicit mode ON; LaTeX internals redefined.
\stockwidth=\dimen181
\stockheight=\dimen182
Package hyperref Info: Bookmarks ON on input line 4410.
\c@Hy@tempcnt=\count301

("D:/Program Files/MiKTeX/tex/latex/url/url.sty"
\Urlmuskip=\muskip17
Package: url 2013/09/16  ver 3.4  Verb mode for urls, etc.
)
LaTeX Info: Redefining \url on input line 4748.
\XeTeXLinkMargin=\dimen183

("D:/Program Files/MiKTeX/tex/generic/bitset/bitset.sty"
Package: bitset 2019/12/09 v1.3 Handle bit-vector datatype (HO)

("D:/Program Files/MiKTeX/tex/generic/bigintcalc/bigintcalc.sty"
Package: bigintcalc 2019/12/15 v1.5 Expandable calculations on big integers (HO
)
))
\Fld@menulength=\count302
\Field@Width=\dimen184
\Fld@charsize=\dimen185
Package hyperref Info: Hyper figures OFF on input line 6027.
Package hyperref Info: Link nesting OFF on input line 6032.
Package hyperref Info: Hyper index ON on input line 6035.
Package hyperref Info: backreferencing OFF on input line 6042.
Package hyperref Info: Link coloring OFF on input line 6047.
Package hyperref Info: Link coloring with OCG OFF on input line 6052.
Package hyperref Info: PDF/A mode OFF on input line 6057.

("D:/Program Files/MiKTeX/tex/latex/base/atbegshi-ltx.sty"
Package: atbegshi-ltx 2021/01/10 v1.0c Emulation of the original atbegshi
package with kernel methods
)
\Hy@abspage=\count303
\c@Item=\count304
\c@Hfootnote=\count305
)
Package hyperref Info: Driver (autodetected): hluatex.

("D:/Program Files/MiKTeX/tex/latex/hyperref/hluatex.def"
File: hluatex.def 2022-09-22 v7.00t Hyperref driver for luaTeX

("D:/Program Files/MiKTeX/tex/generic/stringenc/stringenc.sty"
Package: stringenc 2019/11/29 v1.12 Convert strings between diff. encodings (HO
)
)
("D:/Program Files/MiKTeX/tex/latex/base/atveryend-ltx.sty"
Package: atveryend-ltx 2020/08/19 v1.0a Emulation of the original atveryend pac
kage
with kernel methods
)
\Fld@listcount=\count306
\c@bookmark@seq@number=\count307

("D:/Program Files/MiKTeX/tex/latex/rerunfilecheck/rerunfilecheck.sty"
Package: rerunfilecheck 2022-07-10 v1.10 Rerun checks for auxiliary files (HO)

("D:/Program Files/MiKTeX/tex/generic/uniquecounter/uniquecounter.sty"
Package: uniquecounter 2019/12/15 v1.4 Provide unlimited unique counter (HO)
)
Package uniquecounter Info: New unique counter `rerunfilecheck' on input line 2
85.
)
\Hy@SectionHShift=\skip59
)
("D:/Program Files/MiKTeX/tex/latex/titlesec/titlesec.sty"
Package: titlesec 2021/07/05 v2.14 Sectioning titles
\ttl@box=\box57
\beforetitleunit=\skip60
\aftertitleunit=\skip61
\ttl@plus=\dimen186
\ttl@minus=\dimen187
\ttl@toksa=\toks31
\titlewidth=\dimen188
\titlewidthlast=\dimen189
\titlewidthfirst=\dimen190
)
("D:/Program Files/MiKTeX/tex/latex/listings/listings.sty"
\lst@mode=\count308
\lst@gtempboxa=\box58
\lst@token=\toks32
\lst@length=\count309
\lst@currlwidth=\dimen191
\lst@column=\count310
\lst@pos=\count311
\lst@lostspace=\dimen192
\lst@width=\dimen193
\lst@newlines=\count312
\lst@lineno=\count313
\lst@maxwidth=\dimen194

("D:/Program Files/MiKTeX/tex/latex/listings/lstmisc.sty"
File: lstmisc.sty 2020/03/24 1.8d (Carsten Heinz)
\c@lstnumber=\count314
\lst@skipnumbers=\count315
\lst@framebox=\box59
)
("D:/Program Files/MiKTeX/tex/latex/listings/listings.cfg"
File: listings.cfg 2020/03/24 1.8d listings configuration
))
Package: listings 2020/03/24 1.8d (Carsten Heinz)

("D:/Program Files/MiKTeX/tex/latex/fancyhdr/fancyhdr.sty"
Package: fancyhdr 2022/11/09 v4.1 Extensive control of page headers and footers

\f@nch@headwidth=\skip62
\f@nch@O@elh=\skip63
\f@nch@O@erh=\skip64
\f@nch@O@olh=\skip65
\f@nch@O@orh=\skip66
\f@nch@O@elf=\skip67
\f@nch@O@erf=\skip68
\f@nch@O@olf=\skip69
\f@nch@O@orf=\skip70
)
("D:/Program Files/MiKTeX/tex/latex/float/float.sty"
Package: float 2001/11/08 v1.3d Float enhancements (AL)
\c@float@type=\count316
\float@exts=\toks33
\float@box=\box60
\@float@everytoks=\toks34
\@floatcapt=\box61
)) (./d_poc.aux)
\openout1 = d_poc.aux

LaTeX Font Info:    Checking defaults for OML/cmm/m/it on input line 30.
LaTeX Font Info:    ... okay on input line 30.
LaTeX Font Info:    Checking defaults for OMS/cmsy/m/n on input line 30.
LaTeX Font Info:    ... okay on input line 30.
LaTeX Font Info:    Checking defaults for OT1/cmr/m/n on input line 30.
LaTeX Font Info:    ... okay on input line 30.
LaTeX Font Info:    Checking defaults for T1/cmr/m/n on input line 30.
LaTeX Font Info:    ... okay on input line 30.
LaTeX Font Info:    Checking defaults for TS1/cmr/m/n on input line 30.
LaTeX Font Info:    Trying to load font information for TS1+cmr on input line 3
0.

("D:/Program Files/MiKTeX/tex/latex/base/ts1cmr.fd"
File: ts1cmr.fd 2019/12/16 v2.5j Standard LaTeX font definitions
)
LaTeX Font Info:    ... okay on input line 30.
LaTeX Font Info:    Checking defaults for TU/lmr/m/n on input line 30.
LaTeX Font Info:    ... okay on input line 30.
LaTeX Font Info:    Checking defaults for OMX/cmex/m/n on input line 30.
LaTeX Font Info:    ... okay on input line 30.
LaTeX Font Info:    Checking defaults for U/cmr/m/n on input line 30.
LaTeX Font Info:    ... okay on input line 30.
LaTeX Font Info:    Checking defaults for PD1/pdf/m/n on input line 30.
LaTeX Font Info:    ... okay on input line 30.
LaTeX Font Info:    Checking defaults for PU/pdf/m/n on input line 30.
LaTeX Font Info:    ... okay on input line 30.

Package fontspec Info: Adjusting the maths setup (use [no-math] to avoid
(fontspec)             this).

\symlegacymaths=\mathgroup4
LaTeX Font Info:    Overwriting symbol font `legacymaths' in version `bold'
(Font)                  OT1/cmr/m/n --> OT1/cmr/bx/n on input line 30.
LaTeX Font Info:    Redeclaring math accent \acute on input line 30.
LaTeX Font Info:    Redeclaring math accent \grave on input line 30.
LaTeX Font Info:    Redeclaring math accent \ddot on input line 30.
LaTeX Font Info:    Redeclaring math accent \tilde on input line 30.
LaTeX Font Info:    Redeclaring math accent \bar on input line 30.
LaTeX Font Info:    Redeclaring math accent \breve on input line 30.
LaTeX Font Info:    Redeclaring math accent \check on input line 30.
LaTeX Font Info:    Redeclaring math accent \hat on input line 30.
LaTeX Font Info:    Redeclaring math accent \dot on input line 30.
LaTeX Font Info:    Redeclaring math accent \mathring on input line 30.
LaTeX Font Info:    Redeclaring math symbol \Gamma on input line 30.
LaTeX Font Info:    Redeclaring math symbol \Delta on input line 30.
LaTeX Font Info:    Redeclaring math symbol \Theta on input line 30.
LaTeX Font Info:    Redeclaring math symbol \Lambda on input line 30.
LaTeX Font Info:    Redeclaring math symbol \Xi on input line 30.
LaTeX Font Info:    Redeclaring math symbol \Pi on input line 30.
LaTeX Font Info:    Redeclaring math symbol \Sigma on input line 30.
LaTeX Font Info:    Redeclaring math symbol \Upsilon on input line 30.
LaTeX Font Info:    Redeclaring math symbol \Phi on input line 30.
LaTeX Font Info:    Redeclaring math symbol \Psi on input line 30.
LaTeX Font Info:    Redeclaring math symbol \Omega on input line 30.
LaTeX Font Info:    Redeclaring math symbol \mathdollar on input line 30.
LaTeX Font Info:    Redeclaring symbol font `operators' on input line 30.
LaTeX Font Info:    Encoding `OT1' has changed to `TU' for symbol font
(Font)              `operators' in the math version `normal' on input line 30.
LaTeX Font Info:    Overwriting symbol font `operators' in version `normal'
(Font)                  OT1/cmr/m/n --> TU/CormorantGaramond(0)/m/n on input li
ne 30.
LaTeX Font Info:    Encoding `OT1' has changed to `TU' for symbol font
(Font)              `operators' in the math version `bold' on input line 30.
LaTeX Font Info:    Overwriting symbol font `operators' in version `bold'
(Font)                  OT1/cmr/bx/n --> TU/CormorantGaramond(0)/m/n on input l
ine 30.
LaTeX Font Info:    Overwriting symbol font `operators' in version `normal'
(Font)                  TU/CormorantGaramond(0)/m/n --> TU/CormorantGaramond(0)
/m/n on input line 30.
LaTeX Font Info:    Overwriting math alphabet `\mathit' in version `normal'
(Font)                  OT1/cmr/m/it --> TU/CormorantGaramond(0)/m/it on input 
line 30.
LaTeX Font Info:    Overwriting math alphabet `\mathbf' in version `normal'
(Font)                  OT1/cmr/bx/n --> TU/CormorantGaramond(0)/b/n on input l
ine 30.
LaTeX Font Info:    Overwriting math alphabet `\mathsf' in version `normal'
(Font)                  OT1/cmss/m/n --> TU/lmss/m/n on input line 30.
LaTeX Font Info:    Overwriting math alphabet `\mathtt' in version `normal'
(Font)                  OT1/cmtt/m/n --> TU/lmtt/m/n on input line 30.
LaTeX Font Info:    Overwriting symbol font `operators' in version `bold'
(Font)                  TU/CormorantGaramond(0)/m/n --> TU/CormorantGaramond(0)
/b/n on input line 30.
LaTeX Font Info:    Overwriting math alphabet `\mathit' in version `bold'
(Font)                  OT1/cmr/bx/it --> TU/CormorantGaramond(0)/b/it on input
 line 30.
LaTeX Font Info:    Overwriting math alphabet `\mathsf' in version `bold'
(Font)                  OT1/cmss/bx/n --> TU/lmss/b/n on input line 30.
LaTeX Font Info:    Overwriting math alphabet `\mathtt' in version `bold'
(Font)                  OT1/cmtt/m/n --> TU/lmtt/b/n on input line 30.

*geometry* driver: auto-detecting
*geometry* detected driver: luatex
*geometry* verbose mode - [ preamble ] result:
* driver: luatex
* paper: a4paper
* layout: <same size as paper>
* layoutoffset:(h,v)=(0.0pt,0.0pt)
* modes: 
* h-part:(L,W,R)=(56.9055pt, 483.69684pt, 56.90553pt)
* v-part:(T,H,B)=(56.9055pt, 682.86613pt, 105.2752pt)
* \paperwidth=597.50787pt
* \paperheight=845.04684pt
* \textwidth=483.69684pt
* \textheight=682.86613pt
* \oddsidemargin=-15.36449pt
* \evensidemargin=-15.36449pt
* \topmargin=-52.36449pt
* \headheight=33.60004pt
* \headsep=25.0pt
* \topskip=10.0pt
* \footskip=30.0pt
* \marginparwidth=65.0pt
* \marginparsep=11.0pt
* \columnsep=10.0pt
* \skip\footins=9.0pt plus 4.0pt minus 2.0pt
* \hoffset=0.0pt
* \voffset=0.0pt
* \mag=1000
* \@twocolumnfalse
* \@twosidefalse
* \@mparswitchfalse
* \@reversemarginfalse
* (1in=72.27pt=25.4mm, 1cm=28.453pt)

("D:/Program Files/MiKTeX/tex/context/base/mkii/supp-pdf.mkii"
[Loading MPS to PDF converter (version 2006.09.02).]
\scratchcounter=\count317
\scratchdimen=\dimen195
\scratchbox=\box62
\nofMPsegments=\count318
\nofMParguments=\count319
\everyMPshowfont=\toks35
\MPscratchCnt=\count320
\MPscratchDim=\dimen196
\MPnumerator=\count321
\makeMPintoPDFobject=\count322
\everyMPtoPDFconversion=\toks36
) ("D:/Program Files/MiKTeX/tex/latex/epstopdf-pkg/epstopdf-base.sty"
Package: epstopdf-base 2020-01-24 v2.11 Base part for package epstopdf
Package epstopdf-base Info: Redefining graphics rule for `.eps' on input line 4
85.

("D:/Program Files/MiKTeX/tex/latex/00miktex/epstopdf-sys.cfg"
File: epstopdf-sys.cfg 2021/03/18 v2.0 Configuration of epstopdf for MiKTeX
))
Package hyperref Info: Link coloring OFF on input line 30.
 (./d_poc.out)
(./d_poc.out)
\@outlinefile=\write3

\openout3 = d_poc.out
\c@lstlisting=\count323
 (../global-assets/tex/header.tex
<../global-assets/img/logo_unipd.png, id=55, 186.6975pt x 186.6975pt>
File: ../global-assets/img/logo_unipd.png Graphic file (type png)
<use ../global-assets/img/logo_unipd.png>
Package luatex.def Info: ../global-assets/img/logo_unipd.png  used on input lin
e 12.
(luatex.def)             Requested size: 118.50705pt x 118.50601pt.
LaTeX Font Info:    Font shape `TU/CormorantGaramond(0)/m/n' will be
(Font)              scaled to size 7.0pt on input line 17.
LaTeX Font Info:    Font shape `TU/CormorantGaramond(0)/m/n' will be
(Font)              scaled to size 5.0pt on input line 17.
LaTeX Font Info:    Font shape `TU/CormorantGaramond(0)/m/n' will be
(Font)              scaled to size 14.4pt on input line 26.
<../global-assets/img/loghi/SWEasabi_logo.png, id=56, 380.42125pt x 494.84875pt
>
File: ../global-assets/img/loghi/SWEasabi_logo.png Graphic file (type png)
<use ../global-assets/img/loghi/SWEasabi_logo.png>
Package luatex.def Info: ../global-assets/img/loghi/SWEasabi_logo.png  used on 
input line 30.
(luatex.def)             Requested size: 79.3995pt x 103.27948pt.
LaTeX Font Info:    Font shape `TU/CormorantGaramond(0)/m/n' will be
(Font)              scaled to size 9.0pt on input line 32.
LaTeX Font Info:    Font shape `TU/CormorantGaramond(0)/m/n' will be
(Font)              scaled to size 24.88pt on input line 44.
LaTeX Font Info:    Font shape `TU/CormorantGaramond(0)/m/it' will be
(Font)              scaled to size 5.0pt on input line 44.
) [1

{C:/Users/piero/AppData/Local/MiKTeX/fonts/map/pdftex/pdftex.map}<../global-asse
ts/img/logo_unipd.png><../global-assets/img/loghi/SWEasabi_logo.png>]
LaTeX Font Info:    Font shape `TU/CormorantGaramond(0)/b/n' will be
(Font)              scaled to size 24.88pt on input line 48.
 (./d_poc.toc)
\tf@toc=\write4

\openout4 = d_poc.toc
LaTeX Font Info:    Font shape `TU/CormorantGaramond(0)/m/it' will be
(Font)              scaled to size 10.0pt on input line 49.
<../global-assets/img/loghi/SWEasabi_compact_logo.png, id=80, 380.42125pt x 412
.54124pt>
File: ../global-assets/img/loghi/SWEasabi_compact_logo.png Graphic file (type p
ng)
<use ../global-assets/img/loghi/SWEasabi_compact_logo.png>
Package luatex.def Info: ../global-assets/img/loghi/SWEasabi_compact_logo.png  
used on input line 49.
(luatex.def)             Requested size: 27.65964pt x 30.0pt.
 [2


<../global-assets/img/loghi/SWEasabi_compact_logo.png>] (./contenuti/tecnologie
.tex
Capitolo 1.
LaTeX Font Info:    Font shape `TU/CormorantGaramond(0)/m/n' will be
(Font)              scaled to size 20.74pt on input line 1.
LaTeX Font Info:    Font shape `TU/CormorantGaramond(0)/b/n' will be
(Font)              scaled to size 20.74pt on input line 1.
) (./contenuti/scopo.tex
File: ../global-assets/img/loghi/SWEasabi_compact_logo.png Graphic file (type p
ng)
<use ../global-assets/img/loghi/SWEasabi_compact_logo.png>
Package luatex.def Info: ../global-assets/img/loghi/SWEasabi_compact_logo.png  
used on input line 1.
(luatex.def)             Requested size: 27.65964pt x 30.0pt.

warning  (pdf backend): ignoring duplicate destination with the name 'page.1'
[1


]
Capitolo 2.
<contenuti/images/poc.jpg, id=91, 926.46124pt x 501.875pt>
File: contenuti/images/poc.jpg Graphic file (type jpg)
<use contenuti/images/poc.jpg>
Package luatex.def Info: contenuti/images/poc.jpg  used on input line 6.
(luatex.def)             Requested size: 483.69684pt x 262.02563pt.
) (./contenuti/api-java-spring.tex
File: ../global-assets/img/loghi/SWEasabi_compact_logo.png Graphic file (type p
ng)
<use ../global-assets/img/loghi/SWEasabi_compact_logo.png>
Package luatex.def Info: ../global-assets/img/loghi/SWEasabi_compact_logo.png  
used on input line 1.
(luatex.def)             Requested size: 27.65964pt x 30.0pt.

warning  (pdf backend): ignoring duplicate destination with the name 'page.2'
[2

]
File: ../global-assets/img/loghi/SWEasabi_compact_logo.png Graphic file (type p
ng)
<use ../global-assets/img/loghi/SWEasabi_compact_logo.png>
Package luatex.def Info: ../global-assets/img/loghi/SWEasabi_compact_logo.png  
used on input line 1.
(luatex.def)             Requested size: 27.65964pt x 30.0pt.
 [3
warning  (pdf backend): ignoring duplicate destination with the name 'figure.2.1
'
<./contenuti/images/poc.jpg>]
Capitolo 3.
LaTeX Font Info:    Font shape `TU/CormorantGaramond(0)/b/n' will be
(Font)              scaled to size 14.4pt on input line 3.
LaTeX Font Info:    Font shape `TU/CormorantGaramond(0)/m/n' will be
(Font)              scaled to size 12.0pt on input line 9.
LaTeX Font Info:    Font shape `TU/CormorantGaramond(0)/b/n' will be
(Font)              scaled to size 12.0pt on input line 9.
<contenuti/images/lamps.jpg, id=100, 208.52907pt x 124.96687pt>
File: contenuti/images/lamps.jpg Graphic file (type jpg)
<use contenuti/images/lamps.jpg>
Package luatex.def Info: contenuti/images/lamps.jpg  used on input line 19.
(luatex.def)             Requested size: 208.52855pt x 124.96657pt.
<contenuti/images/lampsid.jpg, id=101, 264.99pt x 56.46094pt>
File: contenuti/images/lampsid.jpg Graphic file (type jpg)
<use contenuti/images/lampsid.jpg>
Package luatex.def Info: contenuti/images/lampsid.jpg  used on input line 25.
(luatex.def)             Requested size: 264.98935pt x 56.46078pt.
File: ../global-assets/img/loghi/SWEasabi_compact_logo.png Graphic file (type p
ng)
<use ../global-assets/img/loghi/SWEasabi_compact_logo.png>
Package luatex.def Info: ../global-assets/img/loghi/SWEasabi_compact_logo.png  
used on input line 28.
(luatex.def)             Requested size: 27.65964pt x 30.0pt.
[4


warning  (pdf backend): ignoring duplicate destination with the name 'figure.3.1
'
<./contenuti/images/lamps.jpg>]
<contenuti/images/put1.jpg, id=107, 156.585pt x 35.38219pt>
File: contenuti/images/put1.jpg Graphic file (type jpg)
<use contenuti/images/put1.jpg>
Package luatex.def Info: contenuti/images/put1.jpg  used on input line 35.
(luatex.def)             Requested size: 156.58461pt x 35.3821pt.
<contenuti/images/put2.jpg, id=108, 152.82094pt x 34.62938pt>
File: contenuti/images/put2.jpg Graphic file (type jpg)
<use contenuti/images/put2.jpg>
Package luatex.def Info: contenuti/images/put2.jpg  used on input line 41.
(luatex.def)             Requested size: 152.82054pt x 34.62927pt.
<contenuti/images/mqtt.jpg, id=109, 217.5628pt x 26.34843pt>
File: contenuti/images/mqtt.jpg Graphic file (type jpg)
<use contenuti/images/mqtt.jpg>
Package luatex.def Info: contenuti/images/mqtt.jpg  used on input line 51.
(luatex.def)             Requested size: 217.56227pt x 26.34836pt.
) (./contenuti/angular.tex
File: ../global-assets/img/loghi/SWEasabi_compact_logo.png Graphic file (type p
ng)
<use ../global-assets/img/loghi/SWEasabi_compact_logo.png>
Package luatex.def Info: ../global-assets/img/loghi/SWEasabi_compact_logo.png  
used on input line 1.
(luatex.def)             Requested size: 27.65964pt x 30.0pt.
 [5
warning  (pdf backend): ignoring duplicate destination with the name 'figure.3.2
'

warning  (pdf backend): ignoring duplicate destination with the name 'figure.3.3
'

warning  (pdf backend): ignoring duplicate destination with the name 'figure.3.4
'

warning  (pdf backend): ignoring duplicate destination with the name 'figure.3.5
'
<./contenuti/images/lampsid.jpg><./contenuti/images/put1.jpg><./contenuti/images
/put2.jpg><./contenuti/images/mqtt.jpg>]
Capitolo 4.
LaTeX Font Info:    Font shape `TU/CormorantGaramond(0)/m/n' will be
(Font)              scaled to size 8.0pt on input line 5.
LaTeX Font Info:    Font shape `TU/CormorantGaramond(0)/m/n' will be
(Font)              scaled to size 6.0pt on input line 5.
<contenuti/images/getlamps.jpg, id=123, 957.5775pt x 330.23375pt>
File: contenuti/images/getlamps.jpg Graphic file (type jpg)
<use contenuti/images/getlamps.jpg>
Package luatex.def Info: contenuti/images/getlamps.jpg  used on input line 23.
(luatex.def)             Requested size: 483.69684pt x 166.80954pt.
File: ../global-assets/img/loghi/SWEasabi_compact_logo.png Graphic file (type p
ng)
<use ../global-assets/img/loghi/SWEasabi_compact_logo.png>
Package luatex.def Info: ../global-assets/img/loghi/SWEasabi_compact_logo.png  
used on input line 26.
(luatex.def)             Requested size: 27.65964pt x 30.0pt.
[6

]
<contenuti/images/modifylamps.jpg, id=134, 813.53937pt x 301.62688pt>
File: contenuti/images/modifylamps.jpg Graphic file (type jpg)
<use contenuti/images/modifylamps.jpg>
Package luatex.def Info: contenuti/images/modifylamps.jpg  used on input line 3
0.
(luatex.def)             Requested size: 483.69684pt x 179.33444pt.
<contenuti/images/modifylamps2.jpg, id=135, 100.87688pt x 26.0975pt>
File: contenuti/images/modifylamps2.jpg Graphic file (type jpg)
<use contenuti/images/modifylamps2.jpg>
Package luatex.def Info: contenuti/images/modifylamps2.jpg  used on input line 
36.
(luatex.def)             Requested size: 145.11052pt x 37.54132pt.
)
File: ../global-assets/img/loghi/SWEasabi_compact_logo.png Graphic file (type p
ng)
<use ../global-assets/img/loghi/SWEasabi_compact_logo.png>
Package luatex.def Info: ../global-assets/img/loghi/SWEasabi_compact_logo.png  
used on input line 56.
(luatex.def)             Requested size: 27.65964pt x 30.0pt.
 [7
warning  (pdf backend): ignoring duplicate destination with the name 'figure.4.1
'

warning  (pdf backend): ignoring duplicate destination with the name 'figure.4.2
'

warning  (pdf backend): ignoring duplicate destination with the name 'figure.4.3
'
<./contenuti/images/getlamps.jpg><./contenuti/images/modifylamps.jpg><./contenut
i/images/modifylamps2.jpg>] (./d_poc.aux)
Package rerunfilecheck Info: File `d_poc.out' has not changed.
(rerunfilecheck)             Checksum: 23815F65ECF04B7146655EC14105BD65;1434.
)

Here is how much of LuaTeX's memory you used:
 18000 strings out of 477352
 100000,794899 words of node,token memory allocated
 640 words of node memory still in use:
   7 hlist, 2 vlist, 2 rule, 10 glue, 4 kern, 1 glyph, 22 attribute, 61 glue_spe
c, 13 attribute_list, 1 write nodes
   avail lists: 1:1,2:772,3:203,4:57,5:256,6:53,7:4716,8:33,9:333,10:18,11:619
 38249 multiletter control sequences out of 65536+600000
 60 fonts using 11890263 bytes
 92i,15n,113p,940b,559s stack positions out of 10000i,1000n,20000p,200000b,80000s
<D:/Program Files/MiKTeX/fonts/truetype/catharsis/cormorantgaramond/CormorantGar
amond-Bold.ttf><D:/Program Files/MiKTeX/fonts/truetype/catharsis/cormorantgaramo
nd/CormorantGaramond-Italic.ttf><D:/Program Files/MiKTeX/fonts/truetype/catharsi
s/cormorantgaramond/CormorantGaramond-Regular.ttf>
Output written on d_poc.pdf (9 pages, 841856 bytes).

PDF statistics: 167 PDF objects out of 1000 (max. 8388607)
 36 named destinations out of 1000 (max. 131072)
 105 words of extra memory for PDF output out of 10000 (max. 100000000)

